SF:lib/screens/game/game_settings.dart
DA:7,3
DA:12,1
DA:13,3
LF:3
LH:3
end_of_record
SF:lib/screens/menu/eye_hunt_menu_controller.dart
DA:9,1
DA:12,1
DA:14,1
DA:15,1
DA:16,2
DA:17,2
DA:22,1
DA:23,2
DA:24,1
DA:25,2
DA:29,1
DA:30,2
DA:31,1
DA:32,2
DA:33,3
LF:15
LH:15
end_of_record
SF:lib/screens/menu/menu_model.dart
DA:7,3
DA:12,1
DA:13,3
LF:3
LH:3
end_of_record
SF:lib/app/game_router.dart
DA:9,0
DA:10,0
DA:11,0
DA:12,0
DA:14,0
DA:16,0
DA:17,0
DA:18,0
DA:19,0
DA:20,0
DA:24,0
DA:26,0
DA:32,0
DA:34,0
DA:40,0
DA:41,0
DA:47,0
DA:48,0
DA:53,0
DA:54,0
LF:20
LH:0
end_of_record
SF:lib/screens/game/game_controller.dart
DA:29,1
DA:30,0
DA:31,0
DA:33,1
DA:34,4
DA:37,1
DA:39,2
DA:40,1
DA:42,3
DA:43,2
DA:44,2
DA:45,1
DA:48,1
DA:50,1
DA:51,2
DA:53,2
DA:55,1
DA:56,2
DA:58,1
DA:59,4
DA:60,2
DA:61,1
DA:64,4
DA:70,1
DA:71,2
DA:75,3
DA:76,2
DA:77,2
DA:80,1
DA:81,1
DA:82,1
DA:83,2
DA:84,2
DA:87,1
DA:88,1
DA:89,1
DA:90,1
DA:91,2
DA:92,3
DA:93,4
DA:94,1
DA:95,1
DA:96,1
DA:97,1
DA:98,1
DA:99,2
DA:100,2
DA:102,2
DA:103,2
DA:105,2
DA:108,1
DA:113,1
DA:114,1
DA:115,0
DA:119,1
DA:120,2
DA:121,2
DA:122,2
DA:123,1
DA:125,2
DA:126,4
LF:61
LH:58
end_of_record
SF:lib/util/ticker_providers.dart
DA:11,1
DA:13,2
DA:14,1
DA:15,0
DA:16,0
DA:17,0
DA:18,0
DA:20,0
DA:23,0
DA:30,1
DA:31,1
DA:32,2
DA:33,1
DA:36,1
DA:38,2
DA:39,3
DA:40,0
DA:41,0
DA:42,0
DA:43,0
DA:45,0
DA:46,0
DA:50,0
DA:55,0
DA:58,1
DA:59,1
LF:26
LH:12
end_of_record
SF:lib/screens/game/transform_descriptions.dart
DA:21,0
DA:22,0
DA:24,1
DA:25,2
DA:27,1
DA:34,0
DA:40,0
DA:41,0
DA:42,0
DA:43,0
DA:44,0
DA:46,0
DA:48,0
DA:49,0
DA:51,0
DA:53,0
DA:56,1
DA:57,4
DA:66,0
DA:67,0
DA:69,1
DA:70,2
DA:72,1
DA:78,0
DA:80,0
DA:81,0
DA:84,1
DA:85,4
DA:89,1
DA:96,0
DA:98,0
DA:101,1
DA:102,1
LF:33
LH:13
end_of_record
SF:lib/util/lifecycle_component.dart
DA:2,1
DA:3,1
LF:2
LH:2
end_of_record
SF:lib/screens/game/game_screen.dart
DA:8,0
DA:11,0
DA:15,0
DA:17,0
DA:19,0
DA:20,0
LF:6
LH:0
end_of_record
SF:lib/screens/menu/menu_screen.dart
DA:7,1
DA:9,0
DA:11,0
DA:12,0
DA:13,0
LF:5
LH:1
end_of_record
SF:lib/screens/not_fount/not_found_screen.dart
DA:7,1
DA:9,0
DA:11,0
DA:12,0
DA:13,0
DA:15,0
DA:24,0
DA:26,0
DA:28,0
DA:32,0
DA:34,0
DA:35,0
LF:12
LH:1
end_of_record
SF:lib/assets/theme/app_theme.dart
DA:15,0
DA:21,0
DA:22,0
DA:24,0
DA:25,0
DA:26,0
DA:27,0
DA:31,0
DA:33,0
DA:34,0
DA:35,0
LF:11
LH:0
end_of_record
SF:lib/util/theme_extensions.dart
DA:4,0
DA:6,0
DA:10,0
LF:3
LH:0
end_of_record
SF:lib/components/animated_eye.dart
DA:7,0
DA:13,0
DA:19,0
DA:21,0
DA:22,0
DA:23,0
DA:24,0
DA:25,0
DA:26,0
DA:29,0
LF:10
LH:0
end_of_record
SF:lib/components/bouncing_eye.dart
DA:7,2
DA:11,0
DA:12,0
DA:19,0
DA:21,0
DA:22,0
DA:27,0
DA:30,0
DA:32,0
DA:33,0
DA:36,0
DA:48,0
DA:50,0
DA:51,0
LF:14
LH:1
end_of_record
SF:lib/screens/game/animated_transform_render.dart
DA:15,0
DA:19,0
DA:21,0
DA:23,0
DA:24,0
DA:25,0
DA:29,0
DA:30,0
DA:31,0
DA:35,0
LF:10
LH:0
end_of_record
SF:lib/screens/game/game_widget.dart
DA:9,1
DA:11,0
DA:13,0
DA:14,0
DA:15,0
DA:16,0
DA:17,0
DA:18,0
DA:21,0
DA:22,0
DA:26,0
DA:27,0
DA:28,0
DA:29,0
DA:31,0
DA:32,0
DA:33,0
DA:34,0
DA:35,0
DA:41,0
DA:42,0
LF:21
LH:1
end_of_record
SF:lib/screens/menu/eye_hunt_menu.dart
DA:9,1
DA:11,0
DA:13,0
DA:15,0
DA:16,0
DA:17,0
DA:18,0
DA:23,0
DA:25,0
DA:26,0
DA:28,0
DA:56,0
DA:58,0
DA:59,0
DA:71,0
DA:72,0
DA:73,0
DA:74,0
DA:84,1
DA:86,0
DA:88,0
DA:89,0
DA:91,0
DA:92,0
DA:93,0
DA:98,0
DA:105,1
DA:107,0
DA:109,0
DA:111,0
DA:112,0
DA:114,0
DA:115,0
DA:116,0
DA:118,0
DA:123,0
DA:124,0
DA:127,0
LF:38
LH:3
end_of_record
